<?xml version="1.0" encoding="UTF-8"?>
<testsuite xmlns:xsi="http://www.w3.org/2001/XMLSchema-instance" xsi:noNamespaceSchemaLocation="https://maven.apache.org/surefire/maven-surefire-plugin/xsd/surefire-test-report-3.0.xsd" version="3.0" name="edu.upc.etsetb.poo.basededatos.dominio.tabla.Tabla1Test" time="0.005" tests="6" errors="0" skipped="0" failures="0">
  <properties>
[...]
</properties>
  <testcase name="test01_Constructor" classname="edu.upc.etsetb.poo.basededatos.dominio.tabla.Tabla1Test" time="0.001">
    <system-out><![CDATA[
Corrigiendo clase Tabla menos métodos:
	 public List<FilaDatos> busca(Criterio criterio).
	 public List<FilaDatos> elimina(Criterio criterio).

	Tabla::Tabla(nombre,esquema). Valor: 1.0
*** Se ha capturado una excepción que probablemente ha sido lanzada por tu código. Mira la traza para detectar en qué punto ha sido creada y lanzada...
	UnsupportedOperationException: Esquema::Esquema() no implementado.
 at edu.upc.etsetb.poo.basededatos.dominio.esquema.Esquema.<init>(Esquema.java:22)
 at edu.upc.etsetb.poo.basededatos.dominio.tabla.Tabla1Test.createEsquema(Tabla1Test.java:525)
 at edu.upc.etsetb.poo.basededatos.dominio.tabla.Tabla1Test.test01_Constructor(Tabla1Test.java:91)

		Puntos obtenidos: 0.0. Puntos acumulados: 0.0
]]></system-out>
  </testcase>
  <testcase name="test02_anyade" classname="edu.upc.etsetb.poo.basededatos.dominio.tabla.Tabla1Test" time="0.0">
    <system-out><![CDATA[
	Tabla::anyade(filaDatos). Valor: 5.5
	Test 1: Se añade una fila correcta a una tabla vacía
*** Se ha capturado una excepción que probablemente ha sido lanzada por tu código. Mira la traza para detectar en qué punto ha sido creada y lanzada...
	UnsupportedOperationException: Esquema::Esquema() no implementado.
 at edu.upc.etsetb.poo.basededatos.dominio.esquema.Esquema.<init>(Esquema.java:22)
 at edu.upc.etsetb.poo.basededatos.dominio.tabla.Tabla1Test.createEsquema(Tabla1Test.java:525)
 at edu.upc.etsetb.poo.basededatos.dominio.tabla.Tabla1Test.test02_anyade(Tabla1Test.java:155)

		Puntos obtenidos: 0.0. Puntos acumulados: 0.0
]]></system-out>
  </testcase>
  <testcase name="test03_buscaTodo" classname="edu.upc.etsetb.poo.basededatos.dominio.tabla.Tabla1Test" time="0.0">
    <system-out><![CDATA[
	Tabla::buscaTodo(). Valor: 0.5
*** Se ha capturado una excepción que probablemente ha sido lanzada por tu código. Mira la traza para detectar en qué punto ha sido creada y lanzada...
	UnsupportedOperationException: Esquema::Esquema() no implementado.
 at edu.upc.etsetb.poo.basededatos.dominio.esquema.Esquema.<init>(Esquema.java:22)
 at edu.upc.etsetb.poo.basededatos.dominio.tabla.Tabla1Test.createEsquema(Tabla1Test.java:525)
 at edu.upc.etsetb.poo.basededatos.dominio.tabla.Tabla1Test.test03_buscaTodo(Tabla1Test.java:341)

		Puntos obtenidos: 0.0. Puntos acumulados: 0.0
]]></system-out>
  </testcase>
  <testcase name="test04_getEsquema" classname="edu.upc.etsetb.poo.basededatos.dominio.tabla.Tabla1Test" time="0.0">
    <system-out><![CDATA[
	Tabla::getEsquema(). Valor: 0.5
*** Se ha capturado una excepción que probablemente ha sido lanzada por tu código. Mira la traza para detectar en qué punto ha sido creada y lanzada...
	UnsupportedOperationException: Esquema::Esquema() no implementado.
 at edu.upc.etsetb.poo.basededatos.dominio.esquema.Esquema.<init>(Esquema.java:22)
 at edu.upc.etsetb.poo.basededatos.dominio.tabla.Tabla1Test.createEsquema(Tabla1Test.java:525)
 at edu.upc.etsetb.poo.basededatos.dominio.tabla.Tabla1Test.test04_getEsquema(Tabla1Test.java:405)

		Puntos obtenidos: 0.0. Puntos acumulados: 0.0
]]></system-out>
  </testcase>
  <testcase name="test05_getCabeceras" classname="edu.upc.etsetb.poo.basededatos.dominio.tabla.Tabla1Test" time="0.002">
    <system-out><![CDATA[
	Tabla::getCabeceras(). Valor: 2.0
*** Se ha capturado una excepción que probablemente ha sido lanzada por tu código. Mira la traza para detectar en qué punto ha sido creada y lanzada...
	UnsupportedOperationException: Esquema::Esquema() no implementado.
 at edu.upc.etsetb.poo.basededatos.dominio.esquema.Esquema.<init>(Esquema.java:22)
 at edu.upc.etsetb.poo.basededatos.dominio.tabla.Tabla1Test.createEsquema(Tabla1Test.java:525)
 at edu.upc.etsetb.poo.basededatos.dominio.tabla.Tabla1Test.test05_getCabeceras(Tabla1Test.java:444)

		Puntos obtenidos: 0.0. Puntos acumulados: 0.0
]]></system-out>
  </testcase>
  <testcase name="test06_ordena" classname="edu.upc.etsetb.poo.basededatos.dominio.tabla.Tabla1Test" time="0.001">
    <system-out><![CDATA[
	Tabla::ordena(). Valor: 0.5
*** Se ha capturado una excepción que probablemente ha sido lanzada por tu código. Mira la traza para detectar en qué punto ha sido creada y lanzada...
	UnsupportedOperationException: Esquema::Esquema() no implementado.
 at edu.upc.etsetb.poo.basededatos.dominio.esquema.Esquema.<init>(Esquema.java:22)
 at edu.upc.etsetb.poo.basededatos.dominio.tabla.Tabla1Test.createEsquema(Tabla1Test.java:525)
 at edu.upc.etsetb.poo.basededatos.dominio.tabla.Tabla1Test.test06_ordena(Tabla1Test.java:478)

		Puntos obtenidos: 0.0. Puntos acumulados: 0.0
]]></system-out>
  </testcase>
</testsuite>