<?xml version="1.0" encoding="UTF-8"?>
<testsuite xmlns:xsi="http://www.w3.org/2001/XMLSchema-instance" xsi:noNamespaceSchemaLocation="https://maven.apache.org/surefire/maven-surefire-plugin/xsd/surefire-test-report-3.0.xsd" version="3.0" name="edu.upc.etsetb.poo.basededatos.dominio.tabla.FilaDatosTest" time="0.002" tests="4" errors="0" skipped="0" failures="0">
  <properties>
    <property name="java.specification.version" value="21"/>
    <property name="sun.cpu.isalist" value="amd64"/>
    <property name="sun.jnu.encoding" value="Cp1252"/>
    <property name="java.class.path" value="C:\TELECOS\1B\POO\Proyecto Entrega 1\2023-2024-Q2-MaterialProyectoEstudiantes\BaseDeDatosEstudiantes\target\test-classes;C:\TELECOS\1B\POO\Proyecto Entrega 1\2023-2024-Q2-MaterialProyectoEstudiantes\BaseDeDatosEstudiantes\target\classes;C:\Users\jchen\.m2\repository\edu\upc\ac\BaseCorrectorDAC\2022_2023on\BaseCorrectorDAC-2022_2023on.jar;C:\Users\jchen\.m2\repository\junit\junit\4.12\junit-4.12.jar;C:\Users\jchen\.m2\repository\org\hamcrest\hamcrest-core\1.3\hamcrest-core-1.3.jar;C:\Users\jchen\.m2\repository\org\mockito\mockito-core\2.28.2\mockito-core-2.28.2.jar;C:\Users\jchen\.m2\repository\net\bytebuddy\byte-buddy\1.9.10\byte-buddy-1.9.10.jar;C:\Users\jchen\.m2\repository\net\bytebuddy\byte-buddy-agent\1.9.10\byte-buddy-agent-1.9.10.jar;C:\Users\jchen\.m2\repository\org\objenesis\objenesis\2.6\objenesis-2.6.jar;"/>
    <property name="java.vm.vendor" value="Oracle Corporation"/>
    <property name="sun.arch.data.model" value="64"/>
    <property name="user.variant" value=""/>
    <property name="java.vendor.url" value="https://java.oracle.com/"/>
    <property name="user.timezone" value="Europe/Madrid"/>
    <property name="os.name" value="Windows 11"/>
    <property name="java.vm.specification.version" value="21"/>
    <property name="user.country" value="ES"/>
    <property name="sun.java.launcher" value="SUN_STANDARD"/>
    <property name="sun.boot.library.path" value="C:\Program Files\Java\jdk-21\bin"/>
    <property name="sun.java.command" value="C:\Users\jchen\AppData\Local\Temp\surefire5671532141936664945\surefirebooter-20240318114604966_3.jar C:\Users\jchen\AppData\Local\Temp\surefire5671532141936664945 2024-03-18T11-46-04_668-jvmRun1 surefire-20240318114604966_1tmp surefire_0-20240318114604966_2tmp"/>
    <property name="jdk.debug" value="release"/>
    <property name="surefire.test.class.path" value="C:\TELECOS\1B\POO\Proyecto Entrega 1\2023-2024-Q2-MaterialProyectoEstudiantes\BaseDeDatosEstudiantes\target\test-classes;C:\TELECOS\1B\POO\Proyecto Entrega 1\2023-2024-Q2-MaterialProyectoEstudiantes\BaseDeDatosEstudiantes\target\classes;C:\Users\jchen\.m2\repository\edu\upc\ac\BaseCorrectorDAC\2022_2023on\BaseCorrectorDAC-2022_2023on.jar;C:\Users\jchen\.m2\repository\junit\junit\4.12\junit-4.12.jar;C:\Users\jchen\.m2\repository\org\hamcrest\hamcrest-core\1.3\hamcrest-core-1.3.jar;C:\Users\jchen\.m2\repository\org\mockito\mockito-core\2.28.2\mockito-core-2.28.2.jar;C:\Users\jchen\.m2\repository\net\bytebuddy\byte-buddy\1.9.10\byte-buddy-1.9.10.jar;C:\Users\jchen\.m2\repository\net\bytebuddy\byte-buddy-agent\1.9.10\byte-buddy-agent-1.9.10.jar;C:\Users\jchen\.m2\repository\org\objenesis\objenesis\2.6\objenesis-2.6.jar;"/>
    <property name="sun.cpu.endian" value="little"/>
    <property name="user.home" value="C:\Users\jchen"/>
    <property name="user.language" value="es"/>
    <property name="java.specification.vendor" value="Oracle Corporation"/>
    <property name="java.version.date" value="2024-01-16"/>
    <property name="java.home" value="C:\Program Files\Java\jdk-21"/>
    <property name="file.separator" value="\"/>
    <property name="basedir" value="C:\TELECOS\1B\POO\Proyecto Entrega 1\2023-2024-Q2-MaterialProyectoEstudiantes\BaseDeDatosEstudiantes"/>
    <property name="java.vm.compressedOopsMode" value="Zero based"/>
    <property name="line.separator" value="&#10;"/>
    <property name="java.vm.specification.vendor" value="Oracle Corporation"/>
    <property name="java.specification.name" value="Java Platform API Specification"/>
    <property name="surefire.real.class.path" value="C:\Users\jchen\AppData\Local\Temp\surefire5671532141936664945\surefirebooter-20240318114604966_3.jar"/>
    <property name="user.script" value=""/>
    <property name="sun.management.compiler" value="HotSpot 64-Bit Tiered Compilers"/>
    <property name="java.runtime.version" value="21.0.2+13-LTS-58"/>
    <property name="user.name" value="jchen"/>
    <property name="stdout.encoding" value="Cp1252"/>
    <property name="path.separator" value=";"/>
    <property name="os.version" value="10.0"/>
    <property name="java.runtime.name" value="Java(TM) SE Runtime Environment"/>
    <property name="file.encoding" value="UTF-8"/>
    <property name="java.vm.name" value="Java HotSpot(TM) 64-Bit Server VM"/>
    <property name="maven.ext.class.path" value="C:\Program Files\NetBeans-20\netbeans\java\maven-nblib\netbeans-eventspy.jar"/>
    <property name="localRepository" value="C:\Users\jchen\.m2\repository"/>
    <property name="java.vendor.url.bug" value="https://bugreport.java.com/bugreport/"/>
    <property name="java.io.tmpdir" value="C:\Users\jchen\AppData\Local\Temp\"/>
    <property name="java.version" value="21.0.2"/>
    <property name="user.dir" value="C:\TELECOS\1B\POO\Proyecto Entrega 1\2023-2024-Q2-MaterialProyectoEstudiantes\BaseDeDatosEstudiantes"/>
    <property name="os.arch" value="amd64"/>
    <property name="java.vm.specification.name" value="Java Virtual Machine Specification"/>
    <property name="sun.os.patch.level" value=""/>
    <property name="native.encoding" value="Cp1252"/>
    <property name="java.library.path" value="C:\Program Files\Java\jdk-21\bin;C:\WINDOWS\Sun\Java\bin;C:\WINDOWS\system32;C:\WINDOWS;C:\ProgramData\Oracle\Java\javapath;C:\Program Files\Common Files\Oracle\Java\javapath;C:\Windows\system32;C:\Windows;C:\Windows\System32\Wbem;C:\Windows\System32\WindowsPowerShell\v1.0\;C:\Windows\System32\OpenSSH\;C:\Program Files\dotnet\;C:\WINDOWS\system32;C:\WINDOWS;C:\WINDOWS\System32\Wbem;C:\WINDOWS\System32\WindowsPowerShell\v1.0\;C:\WINDOWS\System32\OpenSSH\;C:\Program Files (x86)\NVIDIA Corporation\PhysX\Common;C:\Program Files\NVIDIA Corporation\NVIDIA NvDLISR;C:\Program Files\Git\cmd;C:\Program Files (x86)\Windows Kits\10\Windows Performance Toolkit\;C:\Users\jchen\AppData\Local\Programs\Python\Python312\Scripts\;C:\Users\jchen\AppData\Local\Programs\Python\Python312\;C:\Users\jchen\AppData\Local\Microsoft\WindowsApps;C:\MinGW\bin;C:\Users\jchen\flutter\bin;C:\gradle-8.5\bin;C:\Android\platform-tools;;C:\Users\jchen\AppData\Local\Programs\Microsoft VS Code\bin;."/>
    <property name="java.vm.info" value="mixed mode, sharing"/>
    <property name="stderr.encoding" value="Cp1252"/>
    <property name="java.vendor" value="Oracle Corporation"/>
    <property name="java.vm.version" value="21.0.2+13-LTS-58"/>
    <property name="sun.io.unicode.encoding" value="UnicodeLittle"/>
    <property name="java.class.version" value="65.0"/>
  </properties>
  <testcase name="test01_Constructor" classname="edu.upc.etsetb.poo.basededatos.dominio.tabla.FilaDatosTest" time="0.0">
    <system-out><![CDATA[
Corrigiendo clase FilaDatos

	FilaDatos::FilaDatos(). Valor: 2.0
*** Se ha capturado una excepción que probablemente ha sido lanzada por tu código. Mira la traza para detectar en qué punto ha sido creada y lanzada...
	UnsupportedOperationException: FilaDatos::FilaDatos() no implementado.
 at edu.upc.etsetb.poo.basededatos.dominio.tabla.FilaDatos.<init>(FilaDatos.java:25)
 at edu.upc.etsetb.poo.basededatos.dominio.tabla.FilaDatosTest.test01_Constructor(FilaDatosTest.java:86)

		Puntos obtenidos: 0.0. Puntos acumulados: 0.0
]]></system-out>
  </testcase>
  <testcase name="test02_put" classname="edu.upc.etsetb.poo.basededatos.dominio.tabla.FilaDatosTest" time="0.0">
    <system-out><![CDATA[
	FilaDatos::put(nombreClave,valor). Valor: 1.0
*** Se ha capturado una excepción que probablemente ha sido lanzada por tu código. Mira la traza para detectar en qué punto ha sido creada y lanzada...
	UnsupportedOperationException: FilaDatos::FilaDatos() no implementado.
 at edu.upc.etsetb.poo.basededatos.dominio.tabla.FilaDatos.<init>(FilaDatos.java:25)
 at edu.upc.etsetb.poo.basededatos.dominio.tabla.FilaDatosTest.test02_put(FilaDatosTest.java:120)

		Puntos obtenidos: 0.0. Puntos acumulados: 0.0
]]></system-out>
  </testcase>
  <testcase name="test03_get" classname="edu.upc.etsetb.poo.basededatos.dominio.tabla.FilaDatosTest" time="0.0">
    <system-out><![CDATA[
	Esquema::get(nombreClave). Valor: 1.0
*** Se ha capturado una excepción que probablemente ha sido lanzada por tu código. Mira la traza para detectar en qué punto ha sido creada y lanzada...
	UnsupportedOperationException: FilaDatos::FilaDatos() no implementado.
 at edu.upc.etsetb.poo.basededatos.dominio.tabla.FilaDatos.<init>(FilaDatos.java:25)
 at edu.upc.etsetb.poo.basededatos.dominio.tabla.FilaDatosTest.test03_get(FilaDatosTest.java:159)

		Puntos obtenidos: 0.0. Puntos acumulados: 0.0
]]></system-out>
  </testcase>
  <testcase name="test04_valida" classname="edu.upc.etsetb.poo.basededatos.dominio.tabla.FilaDatosTest" time="0.001">
    <system-out><![CDATA[
	FilaDatos::valida(esquema). Valor: 6.0
	Test 1: Esquema y FilaDatos vacíos
*** Se ha capturado una excepción que probablemente ha sido lanzada por tu código. Mira la traza para detectar en qué punto ha sido creada y lanzada...
	UnsupportedOperationException: Esquema::Esquema() no implementado.
 at edu.upc.etsetb.poo.basededatos.dominio.esquema.Esquema.<init>(Esquema.java:22)
 at edu.upc.etsetb.poo.basededatos.dominio.tabla.FilaDatosTest.test04_valida(FilaDatosTest.java:198)

		Puntos obtenidos: 0.0. Puntos acumulados: 0.0
]]></system-out>
  </testcase>
</testsuite>