<?xml version="1.0" encoding="UTF-8"?>
<testsuite xmlns:xsi="http://www.w3.org/2001/XMLSchema-instance" xsi:noNamespaceSchemaLocation="https://maven.apache.org/surefire/maven-surefire-plugin/xsd/surefire-test-report-3.0.xsd" version="3.0" name="edu.upc.etsetb.poo.corrector.TestSuite" time="0.021" tests="41" errors="0" skipped="0" failures="0">
  <properties>
[...]
</properties>
  <testcase name="test01_ConstructorCon1Argumento" classname="edu.upc.etsetb.poo.basededatos.dominio.esquema.ClaveTest" time="0.0">
    <system-out><![CDATA[
Corrigiendo clase Clave

	Clave::Clave(nombre). Valor: 3.0
*** Se ha capturado una excepción que probablemente ha sido lanzada por tu código. Mira la traza para detectar en qué punto ha sido creada y lanzada...
	UnsupportedOperationException: Clave::Clave(nombre) no implementado.
 at edu.upc.etsetb.poo.basededatos.dominio.esquema.Clave.<init>(Clave.java:38)
 at edu.upc.etsetb.poo.basededatos.dominio.esquema.ClaveTest.test01_ConstructorCon1Argumento(ClaveTest.java:85)

		Puntos obtenidos: 0.0. Puntos acumulados: 0.0
]]></system-out>
  </testcase>
  <testcase name="test01_ConstructorCon2Argumentos" classname="edu.upc.etsetb.poo.basededatos.dominio.esquema.ClaveTest" time="0.0">
    <system-out><![CDATA[
	Clave::Clave(nombre,unica). Valor: 5.0
*** Se ha capturado una excepción que probablemente ha sido lanzada por tu código. Mira la traza para detectar en qué punto ha sido creada y lanzada...
	UnsupportedOperationException: Clave::Clave(nombre, unica) no implementado.
 at edu.upc.etsetb.poo.basededatos.dominio.esquema.Clave.<init>(Clave.java:48)
 at edu.upc.etsetb.poo.basededatos.dominio.esquema.ClaveTest.test01_ConstructorCon2Argumentos(ClaveTest.java:127)

		Puntos obtenidos: 0.0. Puntos acumulados: 0.0
]]></system-out>
  </testcase>
  <testcase name="test03_getNombre" classname="edu.upc.etsetb.poo.basededatos.dominio.esquema.ClaveTest" time="0.001">
    <system-out><![CDATA[
	Clave::getNombre(). Valor: 1.0
*** Se ha capturado una excepción que probablemente ha sido lanzada por tu código. Mira la traza para detectar en qué punto ha sido creada y lanzada...
	UnsupportedOperationException: Clave::Clave(nombre) no implementado.
 at edu.upc.etsetb.poo.basededatos.dominio.esquema.Clave.<init>(Clave.java:38)
 at edu.upc.etsetb.poo.basededatos.dominio.esquema.ClaveTest.test03_getNombre(ClaveTest.java:158)

		Puntos obtenidos: 0.0. Puntos acumulados: 0.0
]]></system-out>
  </testcase>
  <testcase name="test04_isUnica" classname="edu.upc.etsetb.poo.basededatos.dominio.esquema.ClaveTest" time="0.001">
    <system-out><![CDATA[
	Clave::isUnica(). Valor: 1.0
*** Se ha capturado una excepción que probablemente ha sido lanzada por tu código. Mira la traza para detectar en qué punto ha sido creada y lanzada...
	UnsupportedOperationException: Clave::Clave(nombre, unica) no implementado.
 at edu.upc.etsetb.poo.basededatos.dominio.esquema.Clave.<init>(Clave.java:48)
 at edu.upc.etsetb.poo.basededatos.dominio.esquema.ClaveTest.test04_isUnica(ClaveTest.java:183)

		Puntos obtenidos: 0.0. Puntos acumulados: 0.0
]]></system-out>
  </testcase>
  <testcase name="test01_Constructor" classname="edu.upc.etsetb.poo.basededatos.dominio.esquema.EsquemaTest" time="0.0">
    <system-out><![CDATA[
Corrigiendo clase Esquema

	Esquema::Esquema(). Valor: 1.0
*** Se ha capturado una excepción que probablemente ha sido lanzada por tu código. Mira la traza para detectar en qué punto ha sido creada y lanzada...
	UnsupportedOperationException: Esquema::Esquema() no implementado.
 at edu.upc.etsetb.poo.basededatos.dominio.esquema.Esquema.<init>(Esquema.java:22)
 at edu.upc.etsetb.poo.basededatos.dominio.esquema.EsquemaTest.test01_Constructor(EsquemaTest.java:84)

		Puntos obtenidos: 0.0. Puntos acumulados: 0.0
]]></system-out>
  </testcase>
  <testcase name="test02_addClave" classname="edu.upc.etsetb.poo.basededatos.dominio.esquema.EsquemaTest" time="0.001">
    <system-out><![CDATA[
	Esquema::addClave(clave). Valor: 6.0
*** Se ha capturado una excepción que probablemente ha sido lanzada por tu código. Mira la traza para detectar en qué punto ha sido creada y lanzada...
	UnsupportedOperationException: Clave::Clave(nombre) no implementado.
 at edu.upc.etsetb.poo.basededatos.dominio.esquema.Clave.<init>(Clave.java:38)
 at edu.upc.etsetb.poo.basededatos.dominio.esquema.EsquemaTest.test02_addClave(EsquemaTest.java:116)

		Puntos obtenidos: 0.0. Puntos acumulados: 0.0
]]></system-out>
  </testcase>
  <testcase name="test03_contieneClave" classname="edu.upc.etsetb.poo.basededatos.dominio.esquema.EsquemaTest" time="0.0">
    <system-out><![CDATA[
	Esquema::contieneClave(nombre). Valor: 1.0
*** Se ha capturado una excepción que probablemente ha sido lanzada por tu código. Mira la traza para detectar en qué punto ha sido creada y lanzada...
	UnsupportedOperationException: Clave::Clave(nombre) no implementado.
 at edu.upc.etsetb.poo.basededatos.dominio.esquema.Clave.<init>(Clave.java:38)
 at edu.upc.etsetb.poo.basededatos.dominio.esquema.EsquemaTest.test03_contieneClave(EsquemaTest.java:178)

		Puntos obtenidos: 0.0. Puntos acumulados: 0.0
]]></system-out>
  </testcase>
  <testcase name="test04_iterator" classname="edu.upc.etsetb.poo.basededatos.dominio.esquema.EsquemaTest" time="0.001">
    <system-out><![CDATA[
	Esquema::iterator(). Valor: 1.0
*** Se ha capturado una excepción que probablemente ha sido lanzada por tu código. Mira la traza para detectar en qué punto ha sido creada y lanzada...
	UnsupportedOperationException: Clave::Clave(nombre) no implementado.
 at edu.upc.etsetb.poo.basededatos.dominio.esquema.Clave.<init>(Clave.java:38)
 at edu.upc.etsetb.poo.basededatos.dominio.esquema.EsquemaTest.test04_iterator(EsquemaTest.java:212)

		Puntos obtenidos: 0.0. Puntos acumulados: 0.0
]]></system-out>
  </testcase>
  <testcase name="test05_getNumCampos" classname="edu.upc.etsetb.poo.basededatos.dominio.esquema.EsquemaTest" time="0.0">
    <system-out><![CDATA[
	Esquema::getNumCampos(). Valor: 1.0
*** Se ha capturado una excepción que probablemente ha sido lanzada por tu código. Mira la traza para detectar en qué punto ha sido creada y lanzada...
	UnsupportedOperationException: Clave::Clave(nombre) no implementado.
 at edu.upc.etsetb.poo.basededatos.dominio.esquema.Clave.<init>(Clave.java:38)
 at edu.upc.etsetb.poo.basededatos.dominio.esquema.EsquemaTest.test05_getNumCampos(EsquemaTest.java:251)

		Puntos obtenidos: 0.0. Puntos acumulados: 0.0
]]></system-out>
  </testcase>
  <testcase name="test01_Constructor" classname="edu.upc.etsetb.poo.basededatos.dominio.tabla.FilaDatosTest" time="0.0">
    <system-out><![CDATA[
Corrigiendo clase FilaDatos

	FilaDatos::FilaDatos(). Valor: 2.0
*** Se ha capturado una excepción que probablemente ha sido lanzada por tu código. Mira la traza para detectar en qué punto ha sido creada y lanzada...
	UnsupportedOperationException: FilaDatos::FilaDatos() no implementado.
 at edu.upc.etsetb.poo.basededatos.dominio.tabla.FilaDatos.<init>(FilaDatos.java:25)
 at edu.upc.etsetb.poo.basededatos.dominio.tabla.FilaDatosTest.test01_Constructor(FilaDatosTest.java:86)

		Puntos obtenidos: 0.0. Puntos acumulados: 0.0
]]></system-out>
  </testcase>
  <testcase name="test02_put" classname="edu.upc.etsetb.poo.basededatos.dominio.tabla.FilaDatosTest" time="0.001">
    <system-out><![CDATA[
	FilaDatos::put(nombreClave,valor). Valor: 1.0
*** Se ha capturado una excepción que probablemente ha sido lanzada por tu código. Mira la traza para detectar en qué punto ha sido creada y lanzada...
	UnsupportedOperationException: FilaDatos::FilaDatos() no implementado.
 at edu.upc.etsetb.poo.basededatos.dominio.tabla.FilaDatos.<init>(FilaDatos.java:25)
 at edu.upc.etsetb.poo.basededatos.dominio.tabla.FilaDatosTest.test02_put(FilaDatosTest.java:120)

		Puntos obtenidos: 0.0. Puntos acumulados: 0.0
]]></system-out>
  </testcase>
  <testcase name="test03_get" classname="edu.upc.etsetb.poo.basededatos.dominio.tabla.FilaDatosTest" time="0.0">
    <system-out><![CDATA[
	Esquema::get(nombreClave). Valor: 1.0
*** Se ha capturado una excepción que probablemente ha sido lanzada por tu código. Mira la traza para detectar en qué punto ha sido creada y lanzada...
	UnsupportedOperationException: FilaDatos::FilaDatos() no implementado.
 at edu.upc.etsetb.poo.basededatos.dominio.tabla.FilaDatos.<init>(FilaDatos.java:25)
 at edu.upc.etsetb.poo.basededatos.dominio.tabla.FilaDatosTest.test03_get(FilaDatosTest.java:159)

		Puntos obtenidos: 0.0. Puntos acumulados: 0.0
]]></system-out>
  </testcase>
  <testcase name="test04_valida" classname="edu.upc.etsetb.poo.basededatos.dominio.tabla.FilaDatosTest" time="0.001">
    <system-out><![CDATA[
	FilaDatos::valida(esquema). Valor: 6.0
	Test 1: Esquema y FilaDatos vacíos
*** Se ha capturado una excepción que probablemente ha sido lanzada por tu código. Mira la traza para detectar en qué punto ha sido creada y lanzada...
	UnsupportedOperationException: Esquema::Esquema() no implementado.
 at edu.upc.etsetb.poo.basededatos.dominio.esquema.Esquema.<init>(Esquema.java:22)
 at edu.upc.etsetb.poo.basededatos.dominio.tabla.FilaDatosTest.test04_valida(FilaDatosTest.java:198)

		Puntos obtenidos: 0.0. Puntos acumulados: 0.0
]]></system-out>
  </testcase>
  <testcase name="test01_Constructor" classname="edu.upc.etsetb.poo.basededatos.casosdeuso.ComparadorFilasTest" time="0.0">
    <system-out><![CDATA[
Corrigiendo clase ComparadorFilas

	ComparadorFilas::ComparadorFilas(claveACompar,ascendente). Valor: 1.0
*** Se ha capturado una excepción que probablemente ha sido lanzada por tu código. Mira la traza para detectar en qué punto ha sido creada y lanzada...
	UnsupportedOperationException: ComparadorFilas::ComparadorFilas(claveAComparar,ascendente) no implementado.
 at edu.upc.etsetb.poo.basededatos.casosdeuso.ComparadorFilas.<init>(ComparadorFilas.java:34)
 at edu.upc.etsetb.poo.basededatos.casosdeuso.ComparadorFilasTest.test01_Constructor(ComparadorFilasTest.java:89)

		Puntos obtenidos: 0.0. Puntos acumulados: 0.0
]]></system-out>
  </testcase>
  <testcase name="test02_compare" classname="edu.upc.etsetb.poo.basededatos.casosdeuso.ComparadorFilasTest" time="0.001">
    <system-out><![CDATA[
	ComparadorFilas::compare(o1,o2). Valor: 9.0
*** Se ha capturado una excepción que probablemente ha sido lanzada por tu código. Mira la traza para detectar en qué punto ha sido creada y lanzada...
	UnsupportedOperationException: FilaDatos::FilaDatos() no implementado.
 at edu.upc.etsetb.poo.basededatos.dominio.tabla.FilaDatos.<init>(FilaDatos.java:25)
 at edu.upc.etsetb.poo.basededatos.casosdeuso.ComparadorFilasTest.testAscendente(ComparadorFilasTest.java:142)
 at edu.upc.etsetb.poo.basededatos.casosdeuso.ComparadorFilasTest.test02_compare(ComparadorFilasTest.java:115)

*** Se ha capturado una excepción que probablemente ha sido lanzada por tu código. Mira la traza para detectar en qué punto ha sido creada y lanzada...
	UnsupportedOperationException: FilaDatos::FilaDatos() no implementado.
 at edu.upc.etsetb.poo.basededatos.dominio.tabla.FilaDatos.<init>(FilaDatos.java:25)
 at edu.upc.etsetb.poo.basededatos.casosdeuso.ComparadorFilasTest.testDescendente(ComparadorFilasTest.java:277)
 at edu.upc.etsetb.poo.basededatos.casosdeuso.ComparadorFilasTest.test02_compare(ComparadorFilasTest.java:116)

		Puntos obtenidos: 0.0. Puntos acumulados: 0.0
]]></system-out>
  </testcase>
  <testcase name="test01_Constructor" classname="edu.upc.etsetb.poo.basededatos.dominio.tabla.Tabla1Test" time="0.0">
    <system-out><![CDATA[
Corrigiendo clase Tabla menos métodos:
	 public List<FilaDatos> busca(Criterio criterio).
	 public List<FilaDatos> elimina(Criterio criterio).

	Tabla::Tabla(nombre,esquema). Valor: 1.0
*** Se ha capturado una excepción que probablemente ha sido lanzada por tu código. Mira la traza para detectar en qué punto ha sido creada y lanzada...
	UnsupportedOperationException: Esquema::Esquema() no implementado.
 at edu.upc.etsetb.poo.basededatos.dominio.esquema.Esquema.<init>(Esquema.java:22)
 at edu.upc.etsetb.poo.basededatos.dominio.tabla.Tabla1Test.createEsquema(Tabla1Test.java:525)
 at edu.upc.etsetb.poo.basededatos.dominio.tabla.Tabla1Test.test01_Constructor(Tabla1Test.java:91)

		Puntos obtenidos: 0.0. Puntos acumulados: 0.0
]]></system-out>
  </testcase>
  <testcase name="test02_anyade" classname="edu.upc.etsetb.poo.basededatos.dominio.tabla.Tabla1Test" time="0.001">
    <system-out><![CDATA[
	Tabla::anyade(filaDatos). Valor: 5.5
	Test 1: Se añade una fila correcta a una tabla vacía
*** Se ha capturado una excepción que probablemente ha sido lanzada por tu código. Mira la traza para detectar en qué punto ha sido creada y lanzada...
	UnsupportedOperationException: Esquema::Esquema() no implementado.
 at edu.upc.etsetb.poo.basededatos.dominio.esquema.Esquema.<init>(Esquema.java:22)
 at edu.upc.etsetb.poo.basededatos.dominio.tabla.Tabla1Test.createEsquema(Tabla1Test.java:525)
 at edu.upc.etsetb.poo.basededatos.dominio.tabla.Tabla1Test.test02_anyade(Tabla1Test.java:155)

		Puntos obtenidos: 0.0. Puntos acumulados: 0.0
]]></system-out>
  </testcase>
  <testcase name="test03_buscaTodo" classname="edu.upc.etsetb.poo.basededatos.dominio.tabla.Tabla1Test" time="0.0">
    <system-out><![CDATA[
	Tabla::buscaTodo(). Valor: 0.5
*** Se ha capturado una excepción que probablemente ha sido lanzada por tu código. Mira la traza para detectar en qué punto ha sido creada y lanzada...
	UnsupportedOperationException: Esquema::Esquema() no implementado.
 at edu.upc.etsetb.poo.basededatos.dominio.esquema.Esquema.<init>(Esquema.java:22)
 at edu.upc.etsetb.poo.basededatos.dominio.tabla.Tabla1Test.createEsquema(Tabla1Test.java:525)
 at edu.upc.etsetb.poo.basededatos.dominio.tabla.Tabla1Test.test03_buscaTodo(Tabla1Test.java:341)

		Puntos obtenidos: 0.0. Puntos acumulados: 0.0
]]></system-out>
  </testcase>
  <testcase name="test04_getEsquema" classname="edu.upc.etsetb.poo.basededatos.dominio.tabla.Tabla1Test" time="0.001">
    <system-out><![CDATA[
	Tabla::getEsquema(). Valor: 0.5
*** Se ha capturado una excepción que probablemente ha sido lanzada por tu código. Mira la traza para detectar en qué punto ha sido creada y lanzada...
	UnsupportedOperationException: Esquema::Esquema() no implementado.
 at edu.upc.etsetb.poo.basededatos.dominio.esquema.Esquema.<init>(Esquema.java:22)
 at edu.upc.etsetb.poo.basededatos.dominio.tabla.Tabla1Test.createEsquema(Tabla1Test.java:525)
 at edu.upc.etsetb.poo.basededatos.dominio.tabla.Tabla1Test.test04_getEsquema(Tabla1Test.java:405)

		Puntos obtenidos: 0.0. Puntos acumulados: 0.0
]]></system-out>
  </testcase>
  <testcase name="test05_getCabeceras" classname="edu.upc.etsetb.poo.basededatos.dominio.tabla.Tabla1Test" time="0.0">
    <system-out><![CDATA[
	Tabla::getCabeceras(). Valor: 2.0
*** Se ha capturado una excepción que probablemente ha sido lanzada por tu código. Mira la traza para detectar en qué punto ha sido creada y lanzada...
	UnsupportedOperationException: Esquema::Esquema() no implementado.
 at edu.upc.etsetb.poo.basededatos.dominio.esquema.Esquema.<init>(Esquema.java:22)
 at edu.upc.etsetb.poo.basededatos.dominio.tabla.Tabla1Test.createEsquema(Tabla1Test.java:525)
 at edu.upc.etsetb.poo.basededatos.dominio.tabla.Tabla1Test.test05_getCabeceras(Tabla1Test.java:444)

		Puntos obtenidos: 0.0. Puntos acumulados: 0.0
]]></system-out>
  </testcase>
  <testcase name="test06_ordena" classname="edu.upc.etsetb.poo.basededatos.dominio.tabla.Tabla1Test" time="0.0">
    <system-out><![CDATA[
	Tabla::ordena(). Valor: 0.5
*** Se ha capturado una excepción que probablemente ha sido lanzada por tu código. Mira la traza para detectar en qué punto ha sido creada y lanzada...
	UnsupportedOperationException: Esquema::Esquema() no implementado.
 at edu.upc.etsetb.poo.basededatos.dominio.esquema.Esquema.<init>(Esquema.java:22)
 at edu.upc.etsetb.poo.basededatos.dominio.tabla.Tabla1Test.createEsquema(Tabla1Test.java:525)
 at edu.upc.etsetb.poo.basededatos.dominio.tabla.Tabla1Test.test06_ordena(Tabla1Test.java:478)

		Puntos obtenidos: 0.0. Puntos acumulados: 0.0
]]></system-out>
  </testcase>
  <testcase name="test01_Constructor" classname="edu.upc.etsetb.poo.basededatos.casosdeuso.busqueda.CriterioIgualTest" time="0.0">
    <system-out><![CDATA[
Corrigiendo clase CriterioIgual.

	CriterioIgual::CriterioIgual(nombreClave,valorAComprobar). Valor: 1.0
*** Se ha capturado una excepción que probablemente ha sido lanzada por tu código. Mira la traza para detectar en qué punto ha sido creada y lanzada...
	UnsupportedOperationException: Criterio::Criterio(clave,valorAComprobar) no implementado.
 at edu.upc.etsetb.poo.basededatos.casosdeuso.busqueda.Criterio.<init>(Criterio.java:34)
 at edu.upc.etsetb.poo.basededatos.casosdeuso.busqueda.CriterioIgual.<init>(CriterioIgual.java:16)
 at edu.upc.etsetb.poo.basededatos.casosdeuso.busqueda.CriterioIgualTest.test01_Constructor(CriterioIgualTest.java:86)

		Puntos obtenidos: 0.0. Puntos acumulados: 0.0
]]></system-out>
  </testcase>
  <testcase name="test02_esCumplido" classname="edu.upc.etsetb.poo.basededatos.casosdeuso.busqueda.CriterioIgualTest" time="0.001">
    <system-out><![CDATA[
	CriterioIgual::esCumplido(filaDatos). Valor: 9.0
*** Se ha capturado una excepción que probablemente ha sido lanzada por tu código. Mira la traza para detectar en qué punto ha sido creada y lanzada...
	UnsupportedOperationException: FilaDatos::FilaDatos() no implementado.
 at edu.upc.etsetb.poo.basededatos.dominio.tabla.FilaDatos.<init>(FilaDatos.java:25)
 at edu.upc.etsetb.poo.basededatos.casosdeuso.busqueda.CriterioIgualTest.createFilaDatosValida(CriterioIgualTest.java:151)
 at edu.upc.etsetb.poo.basededatos.casosdeuso.busqueda.CriterioIgualTest.test02_esCumplido(CriterioIgualTest.java:115)

		Puntos obtenidos: 0.0. Puntos acumulados: 0.0
]]></system-out>
  </testcase>
  <testcase name="test01_Constructor" classname="edu.upc.etsetb.poo.basededatos.casosdeuso.busqueda.CriterioContieneTest" time="0.0">
    <system-out><![CDATA[
Corrigiendo clase CriterioContiene.

	CriterioContieneTest::CriterioContieneTest(nombreClave,valorAComprobar). Valor: 1.0
*** Se ha capturado una excepción que probablemente ha sido lanzada por tu código. Mira la traza para detectar en qué punto ha sido creada y lanzada...
	UnsupportedOperationException: Criterio::Criterio(clave,valorAComprobar) no implementado.
 at edu.upc.etsetb.poo.basededatos.casosdeuso.busqueda.Criterio.<init>(Criterio.java:34)
 at edu.upc.etsetb.poo.basededatos.casosdeuso.busqueda.CriterioContiene.<init>(CriterioContiene.java:16)
 at edu.upc.etsetb.poo.basededatos.casosdeuso.busqueda.CriterioContieneTest.test01_Constructor(CriterioContieneTest.java:86)

		Puntos obtenidos: 0.0. Puntos acumulados: 0.0
]]></system-out>
  </testcase>
  <testcase name="test02_esCumplido" classname="edu.upc.etsetb.poo.basededatos.casosdeuso.busqueda.CriterioContieneTest" time="0.0">
    <system-out><![CDATA[
	CriterioContieneTest::esCumplido(filaDatos). Valor: 9.0
*** Se ha capturado una excepción que probablemente ha sido lanzada por tu código. Mira la traza para detectar en qué punto ha sido creada y lanzada...
	UnsupportedOperationException: FilaDatos::FilaDatos() no implementado.
 at edu.upc.etsetb.poo.basededatos.dominio.tabla.FilaDatos.<init>(FilaDatos.java:25)
 at edu.upc.etsetb.poo.basededatos.casosdeuso.busqueda.CriterioContieneTest.createFilaDatosValida(CriterioContieneTest.java:152)
 at edu.upc.etsetb.poo.basededatos.casosdeuso.busqueda.CriterioContieneTest.test02_esCumplido(CriterioContieneTest.java:116)

		Puntos obtenidos: 0.0. Puntos acumulados: 0.0
]]></system-out>
  </testcase>
  <testcase name="test01_Constructor" classname="edu.upc.etsetb.poo.basededatos.casosdeuso.busqueda.CriterioMenorQueTest" time="0.0">
    <system-out><![CDATA[
Corrigiendo clase CriterioMenorQue.

	CriterioMenorQueTest::CriterioMenorQueTest(nombreClave,valorAComprobar). Valor: 1.0
*** Se ha capturado una excepción que probablemente ha sido lanzada por tu código. Mira la traza para detectar en qué punto ha sido creada y lanzada...
	UnsupportedOperationException: Criterio::Criterio(clave,valorAComprobar) no implementado.
 at edu.upc.etsetb.poo.basededatos.casosdeuso.busqueda.Criterio.<init>(Criterio.java:34)
 at edu.upc.etsetb.poo.basededatos.casosdeuso.busqueda.CriterioMayorQue.<init>(CriterioMayorQue.java:21)
 at edu.upc.etsetb.poo.basededatos.casosdeuso.busqueda.CriterioMenorQueTest.test01_Constructor(CriterioMenorQueTest.java:86)

		Puntos obtenidos: 0.0. Puntos acumulados: 0.0
]]></system-out>
  </testcase>
  <testcase name="test02_esCumplido" classname="edu.upc.etsetb.poo.basededatos.casosdeuso.busqueda.CriterioMenorQueTest" time="0.0">
    <system-out><![CDATA[
	CriterioMenorQueTest::esCumplido(filaDatos). Valor: 9.0
*** Se ha capturado una excepción que probablemente ha sido lanzada por tu código. Mira la traza para detectar en qué punto ha sido creada y lanzada...
	UnsupportedOperationException: FilaDatos::FilaDatos() no implementado.
 at edu.upc.etsetb.poo.basededatos.dominio.tabla.FilaDatos.<init>(FilaDatos.java:25)
 at edu.upc.etsetb.poo.basededatos.casosdeuso.busqueda.CriterioMenorQueTest.createFilaDatosValida(CriterioMenorQueTest.java:164)
 at edu.upc.etsetb.poo.basededatos.casosdeuso.busqueda.CriterioMenorQueTest.test02_esCumplido(CriterioMenorQueTest.java:118)

		Puntos obtenidos: 0.0. Puntos acumulados: 0.0
]]></system-out>
  </testcase>
  <testcase name="test01_Constructor" classname="edu.upc.etsetb.poo.basededatos.casosdeuso.busqueda.CriterioMayorQueTest" time="0.0">
    <system-out><![CDATA[
Corrigiendo clase CriterioMayorQue.

	CriterioMayorQue::CriterioMayorQue(nombreClave,valorAComprobar). Valor: 1.0
*** Se ha capturado una excepción que probablemente ha sido lanzada por tu código. Mira la traza para detectar en qué punto ha sido creada y lanzada...
	UnsupportedOperationException: Criterio::Criterio(clave,valorAComprobar) no implementado.
 at edu.upc.etsetb.poo.basededatos.casosdeuso.busqueda.Criterio.<init>(Criterio.java:34)
 at edu.upc.etsetb.poo.basededatos.casosdeuso.busqueda.CriterioMayorQue.<init>(CriterioMayorQue.java:21)
 at edu.upc.etsetb.poo.basededatos.casosdeuso.busqueda.CriterioMayorQueTest.test01_Constructor(CriterioMayorQueTest.java:86)

		Puntos obtenidos: 0.0. Puntos acumulados: 0.0
]]></system-out>
  </testcase>
  <testcase name="test02_esCumplido" classname="edu.upc.etsetb.poo.basededatos.casosdeuso.busqueda.CriterioMayorQueTest" time="0.0">
    <system-out><![CDATA[
	CriterioMayorQueTest::esCumplido(filaDatos). Valor: 9.0
*** Se ha capturado una excepción que probablemente ha sido lanzada por tu código. Mira la traza para detectar en qué punto ha sido creada y lanzada...
	UnsupportedOperationException: FilaDatos::FilaDatos() no implementado.
 at edu.upc.etsetb.poo.basededatos.dominio.tabla.FilaDatos.<init>(FilaDatos.java:25)
 at edu.upc.etsetb.poo.basededatos.casosdeuso.busqueda.CriterioMayorQueTest.createFilaDatosValida(CriterioMayorQueTest.java:164)
 at edu.upc.etsetb.poo.basededatos.casosdeuso.busqueda.CriterioMayorQueTest.test02_esCumplido(CriterioMayorQueTest.java:118)

		Puntos obtenidos: 0.0. Puntos acumulados: 0.0
]]></system-out>
  </testcase>
  <testcase name="test01_busca" classname="edu.upc.etsetb.poo.basededatos.dominio.tabla.Tabla2Test" time="0.0">
    <system-out><![CDATA[
Corrigiendo los métodos de Tabla:
	 public List<FilaDatos> busca(Criterio criterio).
	 public List<FilaDatos> elimina(Criterio criterio).

	Tabla::busca(criterio). Valor: 4.0
*** Se ha capturado una excepción que probablemente ha sido lanzada por tu código. Mira la traza para detectar en qué punto ha sido creada y lanzada...
	UnsupportedOperationException: Esquema::Esquema() no implementado.
 at edu.upc.etsetb.poo.basededatos.dominio.esquema.Esquema.<init>(Esquema.java:22)
 at edu.upc.etsetb.poo.basededatos.dominio.tabla.Tabla2Test.createEsquema(Tabla2Test.java:436)
 at edu.upc.etsetb.poo.basededatos.dominio.tabla.Tabla2Test.test01_busca(Tabla2Test.java:90)

		Puntos obtenidos: 0.0. Puntos acumulados: 0.0
]]></system-out>
  </testcase>
  <testcase name="test02_elimina" classname="edu.upc.etsetb.poo.basededatos.dominio.tabla.Tabla2Test" time="0.0">
    <system-out><![CDATA[
	Tabla::elimina(criterio). Valor: 6.0
*** Se ha capturado una excepción que probablemente ha sido lanzada por tu código. Mira la traza para detectar en qué punto ha sido creada y lanzada...
	UnsupportedOperationException: Esquema::Esquema() no implementado.
 at edu.upc.etsetb.poo.basededatos.dominio.esquema.Esquema.<init>(Esquema.java:22)
 at edu.upc.etsetb.poo.basededatos.dominio.tabla.Tabla2Test.createEsquema(Tabla2Test.java:436)
 at edu.upc.etsetb.poo.basededatos.dominio.tabla.Tabla2Test.test02_elimina(Tabla2Test.java:146)

		Puntos obtenidos: 0.0. Puntos acumulados: 0.0
]]></system-out>
  </testcase>
  <testcase name="test01_Constructor" classname="edu.upc.etsetb.poo.basededatos.casosdeuso.ControladorTest" time="0.0">
    <system-out><![CDATA[
Corrigiendo clase Controlador.

	Controlador::Controlador(nombre,esquema). Valor: 0.25
*** Se ha capturado una excepción que probablemente ha sido lanzada por tu código. Mira la traza para detectar en qué punto ha sido creada y lanzada...
	UnsupportedOperationException: Controlador::Controlador() no implementado.
 at edu.upc.etsetb.poo.basededatos.casosdeuso.Controlador.<init>(Controlador.java:127)
 at edu.upc.etsetb.poo.basededatos.casosdeuso.ControladorTest.test01_Constructor(ControladorTest.java:123)

		Puntos obtenidos: 0.0. Puntos acumulados: 0.0
]]></system-out>
  </testcase>
  <testcase name="test02_setIu" classname="edu.upc.etsetb.poo.basededatos.casosdeuso.ControladorTest" time="0.001">
    <system-out><![CDATA[
	Controlador::setIu(iu). Valor: 0.25
*** Se ha capturado una excepción que probablemente ha sido lanzada por tu código. Mira la traza para detectar en qué punto ha sido creada y lanzada...
	UnsupportedOperationException: Controlador::Controlador() no implementado.
 at edu.upc.etsetb.poo.basededatos.casosdeuso.Controlador.<init>(Controlador.java:127)
 at edu.upc.etsetb.poo.basededatos.casosdeuso.ControladorTest.test02_setIu(ControladorTest.java:196)

		Puntos obtenidos: 0.0. Puntos acumulados: 0.0
]]></system-out>
  </testcase>
  <testcase name="test03_creaTabla" classname="edu.upc.etsetb.poo.basededatos.casosdeuso.ControladorTest" time="0.0">
    <system-out><![CDATA[
	Controlador::creaTabla(). Valor: 1.5
*** Se ha capturado una excepción que probablemente ha sido lanzada por tu código. Mira la traza para detectar en qué punto ha sido creada y lanzada...
	UnsupportedOperationException: Controlador::Controlador() no implementado.
 at edu.upc.etsetb.poo.basededatos.casosdeuso.Controlador.<init>(Controlador.java:127)
 at edu.upc.etsetb.poo.basededatos.casosdeuso.ControladorTest.test03_creaTabla(ControladorTest.java:238)

		Puntos obtenidos: 0.0. Puntos acumulados: 0.0
]]></system-out>
  </testcase>
  <testcase name="test04_anyadir" classname="edu.upc.etsetb.poo.basededatos.casosdeuso.ControladorTest" time="0.0">
    <system-out><![CDATA[
	Controlador::anyadir(). Valor: 1.5
*** Se ha capturado una excepción que probablemente ha sido lanzada por tu código. Mira la traza para detectar en qué punto ha sido creada y lanzada...
	UnsupportedOperationException: Controlador::Controlador() no implementado.
 at edu.upc.etsetb.poo.basededatos.casosdeuso.Controlador.<init>(Controlador.java:127)
 at edu.upc.etsetb.poo.basededatos.casosdeuso.ControladorTest.test04_anyadir(ControladorTest.java:367)

		Puntos obtenidos: 0.0. Puntos acumulados: 0.0
]]></system-out>
  </testcase>
  <testcase name="test05_getCabeceras" classname="edu.upc.etsetb.poo.basededatos.casosdeuso.ControladorTest" time="0.0">
    <system-out><![CDATA[
	Controlador::getCabeceras(). Valor: 0.25
*** Se ha capturado una excepción que probablemente ha sido lanzada por tu código. Mira la traza para detectar en qué punto ha sido creada y lanzada...
	UnsupportedOperationException: Controlador::Controlador() no implementado.
 at edu.upc.etsetb.poo.basededatos.casosdeuso.Controlador.<init>(Controlador.java:127)
 at edu.upc.etsetb.poo.basededatos.casosdeuso.ControladorTest.test05_getCabeceras(ControladorTest.java:530)

		Puntos obtenidos: 0.0. Puntos acumulados: 0.0
]]></system-out>
  </testcase>
  <testcase name="test06_interpretaCriterio" classname="edu.upc.etsetb.poo.basededatos.casosdeuso.ControladorTest" time="0.0">
    <system-out><![CDATA[
	Controlador::interpretaCriterio(). Valor: 1.25
*** Se ha capturado una excepción que probablemente ha sido lanzada por tu código. Mira la traza para detectar en qué punto ha sido creada y lanzada...
	UnsupportedOperationException: Controlador::Controlador() no implementado.
 at edu.upc.etsetb.poo.basededatos.casosdeuso.Controlador.<init>(Controlador.java:127)
 at edu.upc.etsetb.poo.basededatos.casosdeuso.ControladorTest.test06_interpretaCriterio(ControladorTest.java:575)

		Puntos obtenidos: 0.0. Puntos acumulados: 0.0
]]></system-out>
  </testcase>
  <testcase name="test07_buscar" classname="edu.upc.etsetb.poo.basededatos.casosdeuso.ControladorTest" time="0.001">
    <system-out><![CDATA[
	Controlador::buscar(). Valor: 1.5
*** Se ha capturado una excepción que probablemente ha sido lanzada por tu código. Mira la traza para detectar en qué punto ha sido creada y lanzada...
	UnsupportedOperationException: Controlador::Controlador() no implementado.
 at edu.upc.etsetb.poo.basededatos.casosdeuso.Controlador.<init>(Controlador.java:127)
 at edu.upc.etsetb.poo.basededatos.casosdeuso.ControladorTest.test07_buscar(ControladorTest.java:683)

		Puntos obtenidos: 0.0. Puntos acumulados: 0.0
]]></system-out>
  </testcase>
  <testcase name="test08_eliminar" classname="edu.upc.etsetb.poo.basededatos.casosdeuso.ControladorTest" time="0.0">
    <system-out><![CDATA[
	Controlador::eliminar(). Valor: 1.5
*** Se ha capturado una excepción que probablemente ha sido lanzada por tu código. Mira la traza para detectar en qué punto ha sido creada y lanzada...
	UnsupportedOperationException: Controlador::Controlador() no implementado.
 at edu.upc.etsetb.poo.basededatos.casosdeuso.Controlador.<init>(Controlador.java:127)
 at edu.upc.etsetb.poo.basededatos.casosdeuso.ControladorTest.test08_eliminar(ControladorTest.java:912)

		Puntos obtenidos: 0.0. Puntos acumulados: 0.0
]]></system-out>
  </testcase>
  <testcase name="test09_ordenar" classname="edu.upc.etsetb.poo.basededatos.casosdeuso.ControladorTest" time="0.0">
    <system-out><![CDATA[
	Controlador::ordenar(). Valor: 1.0
	Test 1: intento de ordenar una tabla inexistente
*** Se ha capturado una excepción que probablemente ha sido lanzada por tu código. Mira la traza para detectar en qué punto ha sido creada y lanzada...
	UnsupportedOperationException: Controlador::Controlador() no implementado.
 at edu.upc.etsetb.poo.basededatos.casosdeuso.Controlador.<init>(Controlador.java:127)
 at edu.upc.etsetb.poo.basededatos.casosdeuso.ControladorTest.test09_ordenar(ControladorTest.java:1227)

		Puntos obtenidos: 0.0. Puntos acumulados: 0.0
]]></system-out>
  </testcase>
  <testcase name="test10_exportar" classname="edu.upc.etsetb.poo.basededatos.casosdeuso.ControladorTest" time="0.002">
    <system-out><![CDATA[
	Controlador::exporta(). Valor: 1.0
	Test 1: intento de exprotar todas las tablas
*** Se ha capturado una excepción que probablemente ha sido lanzada por tu código. Mira la traza para detectar en qué punto ha sido creada y lanzada...
	UnsupportedOperationException: Controlador::Controlador() no implementado.
 at edu.upc.etsetb.poo.basededatos.casosdeuso.Controlador.<init>(Controlador.java:127)
 at edu.upc.etsetb.poo.basededatos.casosdeuso.ControladorTest.test10_exportar(ControladorTest.java:1365)

		Puntos obtenidos: 0.0. Puntos acumulados: 0.0
]]></system-out>
  </testcase>
</testsuite>