<?xml version="1.0" encoding="UTF-8"?>
<testsuite xmlns:xsi="http://www.w3.org/2001/XMLSchema-instance" xsi:noNamespaceSchemaLocation="https://maven.apache.org/surefire/maven-surefire-plugin/xsd/surefire-test-report-3.0.xsd" version="3.0" name="edu.upc.etsetb.poo.basededatos.dominio.tabla.FilaDatosTest" time="0.002" tests="4" errors="0" skipped="0" failures="0">
  <properties>
[...]
</properties>
  <testcase name="test01_Constructor" classname="edu.upc.etsetb.poo.basededatos.dominio.tabla.FilaDatosTest" time="0.0">
    <system-out><![CDATA[
Corrigiendo clase FilaDatos

	FilaDatos::FilaDatos(). Valor: 2.0
*** Se ha capturado una excepción que probablemente ha sido lanzada por tu código. Mira la traza para detectar en qué punto ha sido creada y lanzada...
	UnsupportedOperationException: FilaDatos::FilaDatos() no implementado.
 at edu.upc.etsetb.poo.basededatos.dominio.tabla.FilaDatos.<init>(FilaDatos.java:25)
 at edu.upc.etsetb.poo.basededatos.dominio.tabla.FilaDatosTest.test01_Constructor(FilaDatosTest.java:86)

		Puntos obtenidos: 0.0. Puntos acumulados: 0.0
]]></system-out>
  </testcase>
  <testcase name="test02_put" classname="edu.upc.etsetb.poo.basededatos.dominio.tabla.FilaDatosTest" time="0.0">
    <system-out><![CDATA[
	FilaDatos::put(nombreClave,valor). Valor: 1.0
*** Se ha capturado una excepción que probablemente ha sido lanzada por tu código. Mira la traza para detectar en qué punto ha sido creada y lanzada...
	UnsupportedOperationException: FilaDatos::FilaDatos() no implementado.
 at edu.upc.etsetb.poo.basededatos.dominio.tabla.FilaDatos.<init>(FilaDatos.java:25)
 at edu.upc.etsetb.poo.basededatos.dominio.tabla.FilaDatosTest.test02_put(FilaDatosTest.java:120)

		Puntos obtenidos: 0.0. Puntos acumulados: 0.0
]]></system-out>
  </testcase>
  <testcase name="test03_get" classname="edu.upc.etsetb.poo.basededatos.dominio.tabla.FilaDatosTest" time="0.0">
    <system-out><![CDATA[
	Esquema::get(nombreClave). Valor: 1.0
*** Se ha capturado una excepción que probablemente ha sido lanzada por tu código. Mira la traza para detectar en qué punto ha sido creada y lanzada...
	UnsupportedOperationException: FilaDatos::FilaDatos() no implementado.
 at edu.upc.etsetb.poo.basededatos.dominio.tabla.FilaDatos.<init>(FilaDatos.java:25)
 at edu.upc.etsetb.poo.basededatos.dominio.tabla.FilaDatosTest.test03_get(FilaDatosTest.java:159)

		Puntos obtenidos: 0.0. Puntos acumulados: 0.0
]]></system-out>
  </testcase>
  <testcase name="test04_valida" classname="edu.upc.etsetb.poo.basededatos.dominio.tabla.FilaDatosTest" time="0.001">
    <system-out><![CDATA[
	FilaDatos::valida(esquema). Valor: 6.0
	Test 1: Esquema y FilaDatos vacíos
*** Se ha capturado una excepción que probablemente ha sido lanzada por tu código. Mira la traza para detectar en qué punto ha sido creada y lanzada...
	UnsupportedOperationException: Esquema::Esquema() no implementado.
 at edu.upc.etsetb.poo.basededatos.dominio.esquema.Esquema.<init>(Esquema.java:22)
 at edu.upc.etsetb.poo.basededatos.dominio.tabla.FilaDatosTest.test04_valida(FilaDatosTest.java:198)

		Puntos obtenidos: 0.0. Puntos acumulados: 0.0
]]></system-out>
  </testcase>
</testsuite>